  [4;36;1mSQL (0.5ms)[0m   [0;1mSET SQL_AUTO_IS_NULL=0[0m


Processing HomeController#index (for 127.0.0.1 at 2009-05-15 11:50:01) [GET]
Rendering home/index
Completed in 37ms (View: 31, DB: 0) | 200 OK [http://localhost/]
  [4;36;1mSQL (0.4ms)[0m   [0;1mSET SQL_AUTO_IS_NULL=0[0m
  [4;35;1mSQL (0.9ms)[0m   [0mSHOW TABLES[0m
  [4;36;1mSQL (82.3ms)[0m   [0;1mCREATE TABLE `schema_migrations` (`version` varchar(255) NOT NULL) ENGINE=InnoDB[0m
  [4;35;1mSQL (49.8ms)[0m   [0mCREATE UNIQUE INDEX `unique_schema_migrations` ON `schema_migrations` (`version`)[0m
  [4;36;1mSQL (0.8ms)[0m   [0;1mSHOW TABLES[0m
  [4;35;1mSQL (0.9ms)[0m   [0mSELECT version FROM schema_migrations[0m
Migrating to CreatePosts (20090515062108)
  [4;36;1mSQL (3.9ms)[0m   [0;1mCREATE TABLE `posts` (`id` int(11) DEFAULT NULL auto_increment PRIMARY KEY, `name` varchar(255), `title` varchar(255), `content` text, `created_at` datetime, `updated_at` datetime) ENGINE=InnoDB[0m
  [4;35;1mSQL (18.5ms)[0m   [0mINSERT INTO schema_migrations (version) VALUES ('20090515062108')[0m
  [4;36;1mSQL (0.9ms)[0m   [0;1mSHOW TABLES[0m
  [4;35;1mSQL (0.8ms)[0m   [0mSELECT version FROM schema_migrations[0m
  [4;36;1mSQL (1.1ms)[0m   [0;1mSHOW TABLES[0m
  [4;35;1mSQL (2.4ms)[0m   [0mSHOW FIELDS FROM `posts`[0m
  [4;36;1mSQL (3.6ms)[0m   [0;1mdescribe `posts`[0m
  [4;35;1mSQL (1.0ms)[0m   [0mSHOW KEYS FROM `posts`[0m
  [4;36;1mSQL (0.5ms)[0m   [0;1mSET SQL_AUTO_IS_NULL=0[0m


Processing HomeController#index (for 127.0.0.1 at 2009-05-15 11:57:09) [GET]
Rendering home/index
Completed in 326ms (View: 317, DB: 0) | 200 OK [http://localhost/]
  [4;35;1mSQL (0.3ms)[0m   [0mSET SQL_AUTO_IS_NULL=0[0m


Processing HomeController#index (for 127.0.0.1 at 2009-05-15 11:59:47) [GET]
Rendering home/index
Completed in 24ms (View: 6, DB: 0) | 200 OK [http://localhost/]
  [4;36;1mSQL (0.3ms)[0m   [0;1mSET SQL_AUTO_IS_NULL=0[0m


Processing HomeController#index (for 127.0.0.1 at 2009-05-15 11:59:50) [GET]
Rendering home/index
Completed in 10ms (View: 3, DB: 0) | 200 OK [http://localhost/]
  [4;35;1mSQL (1.8ms)[0m   [0mSET SQL_AUTO_IS_NULL=0[0m


Processing HomeController#index (for 127.0.0.1 at 2009-05-15 11:59:50) [GET]
Rendering home/index
Completed in 12ms (View: 2, DB: 2) | 200 OK [http://localhost/]
  [4;36;1mSQL (0.4ms)[0m   [0;1mSET SQL_AUTO_IS_NULL=0[0m


Processing HomeController#index (for 127.0.0.1 at 2009-05-15 11:59:51) [GET]
Rendering home/index
Completed in 20ms (View: 10, DB: 0) | 200 OK [http://localhost/]
  [4;35;1mSQL (0.3ms)[0m   [0mSET SQL_AUTO_IS_NULL=0[0m


Processing HomeController#index (for 127.0.0.1 at 2009-05-15 11:59:52) [GET]
Rendering home/index
Completed in 30ms (View: 2, DB: 0) | 200 OK [http://localhost/]
  [4;36;1mSQL (0.3ms)[0m   [0;1mSET SQL_AUTO_IS_NULL=0[0m


Processing HomeController#index (for 127.0.0.1 at 2009-05-15 11:59:57) [GET]
Rendering home/index
Completed in 68ms (View: 47, DB: 0) | 200 OK [http://localhost/]
  [4;35;1mSQL (0.3ms)[0m   [0mSET SQL_AUTO_IS_NULL=0[0m


Processing PostsController#index (for 127.0.0.1 at 2009-05-15 12:00:00) [GET]
  [4;36;1mPost Load (3.5ms)[0m   [0;1mSELECT * FROM `posts` [0m
Rendering template within layouts/posts
Rendering posts/index
Completed in 174ms (View: 123, DB: 4) | 200 OK [http://localhost/posts]
  [4;35;1mSQL (0.3ms)[0m   [0mSET SQL_AUTO_IS_NULL=0[0m


Processing PostsController#new (for 127.0.0.1 at 2009-05-15 12:00:56) [GET]
  [4;36;1mPost Columns (10.7ms)[0m   [0;1mSHOW FIELDS FROM `posts`[0m
Rendering template within layouts/posts
Rendering posts/new
Completed in 150ms (View: 85, DB: 11) | 200 OK [http://localhost/posts/new]
  [4;35;1mSQL (0.3ms)[0m   [0mSET SQL_AUTO_IS_NULL=0[0m


Processing PostsController#create (for 127.0.0.1 at 2009-05-15 12:01:45) [POST]
  Parameters: {"commit"=>"Create", "post"=>{"name"=>"Deepak", "title"=>"Test", "content"=>"Creating scaffolding for authlogic"}, "authenticity_token"=>"25LzsW7910IX3QON/r69vZkUldRLWFjAPkMUBGQjaWI="}
  [4;36;1mPost Columns (8.7ms)[0m   [0;1mSHOW FIELDS FROM `posts`[0m
  [4;35;1mSQL (6.8ms)[0m   [0mBEGIN[0m
  [4;36;1mSQL (14.9ms)[0m   [0;1mROLLBACK[0m
Rendering template within layouts/posts
Rendering posts/new
Completed in 158ms (View: 36, DB: 31) | 200 OK [http://localhost/posts]
  [4;35;1mSQL (0.3ms)[0m   [0mSET SQL_AUTO_IS_NULL=0[0m


Processing PostsController#create (for 127.0.0.1 at 2009-05-15 12:02:03) [POST]
  Parameters: {"commit"=>"Create", "post"=>{"name"=>"Deepak", "title"=>"Testing", "content"=>"Creating scaffolding for authlogic"}, "authenticity_token"=>"25LzsW7910IX3QON/r69vZkUldRLWFjAPkMUBGQjaWI="}
  [4;36;1mPost Columns (2.2ms)[0m   [0;1mSHOW FIELDS FROM `posts`[0m
  [4;35;1mSQL (0.3ms)[0m   [0mBEGIN[0m
  [4;36;1mPost Create (15.2ms)[0m   [0;1mINSERT INTO `posts` (`name`, `created_at`, `title`, `updated_at`, `content`) VALUES('Deepak', '2009-05-15 06:32:03', 'Testing', '2009-05-15 06:32:03', 'Creating scaffolding for authlogic')[0m
  [4;35;1mSQL (10.3ms)[0m   [0mCOMMIT[0m
Redirected to http://localhost:3000/posts/1
Completed in 141ms (DB: 28) | 302 Found [http://localhost/posts]
  [4;36;1mSQL (0.3ms)[0m   [0;1mSET SQL_AUTO_IS_NULL=0[0m


Processing PostsController#show (for 127.0.0.1 at 2009-05-15 12:02:03) [GET]
  Parameters: {"id"=>"1"}
  [4;35;1mPost Columns (10.8ms)[0m   [0mSHOW FIELDS FROM `posts`[0m
  [4;36;1mPost Load (17.4ms)[0m   [0;1mSELECT * FROM `posts` WHERE (`posts`.`id` = 1) [0m
Rendering template within layouts/posts
Rendering posts/show
Completed in 81ms (View: 29, DB: 28) | 200 OK [http://localhost/posts/1]
  [4;36;1mSQL (0.4ms)[0m   [0;1mSET SQL_AUTO_IS_NULL=0[0m
  [4;35;1mSQL (0.9ms)[0m   [0mSHOW TABLES[0m
  [4;36;1mSQL (0.4ms)[0m   [0;1mSELECT version FROM schema_migrations[0m
Migrating to CreatePosts (20090515062108)
Migrating to CreateUsers (20090515064920)
  [4;35;1mSQL (26.9ms)[0m   [0mCREATE TABLE `users` (`id` int(11) DEFAULT NULL auto_increment PRIMARY KEY, `username` varchar(255), `email` varchar(255), `crypted_password` varchar(255), `password_salt` varchar(255), `persistence_token` varchar(255), `created_at` datetime, `updated_at` datetime) ENGINE=InnoDB[0m
  [4;36;1mSQL (18.5ms)[0m   [0;1mINSERT INTO schema_migrations (version) VALUES ('20090515064920')[0m
  [4;35;1mSQL (0.9ms)[0m   [0mSHOW TABLES[0m
  [4;36;1mSQL (0.8ms)[0m   [0;1mSELECT version FROM schema_migrations[0m
  [4;35;1mSQL (0.8ms)[0m   [0mSHOW TABLES[0m
  [4;36;1mSQL (2.9ms)[0m   [0;1mSHOW FIELDS FROM `posts`[0m
  [4;35;1mSQL (2.5ms)[0m   [0mdescribe `posts`[0m
  [4;36;1mSQL (3.7ms)[0m   [0;1mSHOW KEYS FROM `posts`[0m
  [4;35;1mSQL (2.5ms)[0m   [0mSHOW FIELDS FROM `users`[0m
  [4;36;1mSQL (4.1ms)[0m   [0;1mdescribe `users`[0m
  [4;35;1mSQL (4.1ms)[0m   [0mSHOW KEYS FROM `users`[0m
  [4;36;1mSQL (0.8ms)[0m   [0;1mSET SQL_AUTO_IS_NULL=0[0m


Processing PostsController#show (for 127.0.0.1 at 2009-05-15 12:38:01) [GET]
  Parameters: {"id"=>"1"}
  [4;35;1mPost Columns (11.4ms)[0m   [0mSHOW FIELDS FROM `posts`[0m
  [4;36;1mPost Load (8.1ms)[0m   [0;1mSELECT * FROM `posts` WHERE (`posts`.`id` = 1) [0m
Rendering template within layouts/posts
Rendering posts/show
Completed in 153ms (View: 89, DB: 20) | 200 OK [http://localhost/posts/1]
  [4;35;1mSQL (0.3ms)[0m   [0mSET SQL_AUTO_IS_NULL=0[0m


Processing PostsController#index (for 127.0.0.1 at 2009-05-15 12:38:03) [GET]
  [4;36;1mPost Load (1.0ms)[0m   [0;1mSELECT * FROM `posts` [0m
Rendering template within layouts/posts
Rendering posts/index
  [4;35;1mPost Columns (3.4ms)[0m   [0mSHOW FIELDS FROM `posts`[0m
Completed in 76ms (View: 38, DB: 5) | 200 OK [http://localhost/posts]
  [4;36;1mSQL (0.3ms)[0m   [0;1mSET SQL_AUTO_IS_NULL=0[0m


Processing PostsController#index (for 127.0.0.1 at 2009-05-15 12:38:08) [GET]
  [4;35;1mPost Load (0.4ms)[0m   [0mSELECT * FROM `posts` [0m
Rendering template within layouts/posts
Rendering posts/index
  [4;36;1mPost Columns (3.0ms)[0m   [0;1mSHOW FIELDS FROM `posts`[0m
Completed in 72ms (View: 37, DB: 4) | 200 OK [http://localhost/posts]
  [4;35;1mSQL (0.4ms)[0m   [0mSET SQL_AUTO_IS_NULL=0[0m


Processing PostsController#index (for 127.0.0.1 at 2009-05-15 12:38:10) [GET]
  [4;36;1mPost Load (0.4ms)[0m   [0;1mSELECT * FROM `posts` [0m
Rendering template within layouts/posts
Rendering posts/index
  [4;35;1mPost Columns (3.5ms)[0m   [0mSHOW FIELDS FROM `posts`[0m
Completed in 71ms (View: 26, DB: 4) | 200 OK [http://localhost/posts]
  [4;36;1mSQL (0.3ms)[0m   [0;1mSET SQL_AUTO_IS_NULL=0[0m


Processing HomeController#index (for 127.0.0.1 at 2009-05-15 12:38:16) [GET]
Rendering template within layouts/application
Rendering home/index
Completed in 111ms (View: 87, DB: 0) | 200 OK [http://localhost/]
  [4;35;1mSQL (0.3ms)[0m   [0mSET SQL_AUTO_IS_NULL=0[0m


Processing ApplicationController#index (for 127.0.0.1 at 2009-05-15 12:38:21) [GET]

ActionController::RoutingError (No route matches "/user/new" with {:method=>:get}):
  /usr/lib/ruby/1.8/webrick/httpserver.rb:104:in `service'
  /usr/lib/ruby/1.8/webrick/httpserver.rb:65:in `run'
  /usr/lib/ruby/1.8/webrick/server.rb:173:in `start_thread'
  /usr/lib/ruby/1.8/webrick/server.rb:162:in `start'
  /usr/lib/ruby/1.8/webrick/server.rb:162:in `start_thread'
  /usr/lib/ruby/1.8/webrick/server.rb:95:in `start'
  /usr/lib/ruby/1.8/webrick/server.rb:92:in `each'
  /usr/lib/ruby/1.8/webrick/server.rb:92:in `start'
  /usr/lib/ruby/1.8/webrick/server.rb:23:in `start'
  /usr/lib/ruby/1.8/webrick/server.rb:82:in `start'

Rendering rescues/layout (not_found)
  [4;36;1mSQL (0.3ms)[0m   [0;1mSET SQL_AUTO_IS_NULL=0[0m


Processing ApplicationController#index (for 127.0.0.1 at 2009-05-15 12:38:45) [GET]

ActionController::RoutingError (No route matches "/user/new" with {:method=>:get}):
  /usr/lib/ruby/1.8/webrick/httpserver.rb:104:in `service'
  /usr/lib/ruby/1.8/webrick/httpserver.rb:65:in `run'
  /usr/lib/ruby/1.8/webrick/server.rb:173:in `start_thread'
  /usr/lib/ruby/1.8/webrick/server.rb:162:in `start'
  /usr/lib/ruby/1.8/webrick/server.rb:162:in `start_thread'
  /usr/lib/ruby/1.8/webrick/server.rb:95:in `start'
  /usr/lib/ruby/1.8/webrick/server.rb:92:in `each'
  /usr/lib/ruby/1.8/webrick/server.rb:92:in `start'
  /usr/lib/ruby/1.8/webrick/server.rb:23:in `start'
  /usr/lib/ruby/1.8/webrick/server.rb:82:in `start'

Rendering rescues/layout (not_found)
  [4;35;1mSQL (0.3ms)[0m   [0mSET SQL_AUTO_IS_NULL=0[0m


Processing HomeController#index (for 127.0.0.1 at 2009-05-15 12:38:50) [GET]
Rendering template within layouts/application
Rendering home/index
Completed in 67ms (View: 60, DB: 0) | 200 OK [http://localhost/]
  [4;36;1mSQL (1.0ms)[0m   [0;1mSET SQL_AUTO_IS_NULL=0[0m


Processing UsersController#new (for 127.0.0.1 at 2009-05-15 12:38:53) [GET]
  [4;35;1mUser Columns (10.4ms)[0m   [0mSHOW FIELDS FROM `users`[0m
Rendering template within layouts/application
Rendering users/new

ActionView::TemplateError (undefined method `title' for #<ActionView::Base:0xb782e710>) on line #1 of app/views/users/new.html.erb:
1: <% title "New User" %>
2: 
3: <%= render :partial => 'form' %>

    app/views/users/new.html.erb:1
    /usr/lib/ruby/1.8/webrick/httpserver.rb:104:in `service'
    /usr/lib/ruby/1.8/webrick/httpserver.rb:65:in `run'
    /usr/lib/ruby/1.8/webrick/server.rb:173:in `start_thread'
    /usr/lib/ruby/1.8/webrick/server.rb:162:in `start'
    /usr/lib/ruby/1.8/webrick/server.rb:162:in `start_thread'
    /usr/lib/ruby/1.8/webrick/server.rb:95:in `start'
    /usr/lib/ruby/1.8/webrick/server.rb:92:in `each'
    /usr/lib/ruby/1.8/webrick/server.rb:92:in `start'
    /usr/lib/ruby/1.8/webrick/server.rb:23:in `start'
    /usr/lib/ruby/1.8/webrick/server.rb:82:in `start'

Rendered rescues/_trace (215.7ms)
Rendered rescues/_request_and_response (16.4ms)
Rendering rescues/layout (internal_server_error)
  [4;36;1mSQL (0.3ms)[0m   [0;1mSET SQL_AUTO_IS_NULL=0[0m


Processing UsersController#new (for 127.0.0.1 at 2009-05-15 12:40:09) [GET]
  [4;35;1mUser Columns (4.0ms)[0m   [0mSHOW FIELDS FROM `users`[0m
Rendering template within layouts/application
Rendering users/new

ActionView::TemplateError (undefined method `title' for #<ActionView::Base:0xb66ef7ec>) on line #1 of app/views/users/new.html.erb:
1: <% title "New User" %>
2: 
3: <%= render :partial => 'form' %>

    app/views/users/new.html.erb:1
    /usr/lib/ruby/1.8/webrick/httpserver.rb:104:in `service'
    /usr/lib/ruby/1.8/webrick/httpserver.rb:65:in `run'
    /usr/lib/ruby/1.8/webrick/server.rb:173:in `start_thread'
    /usr/lib/ruby/1.8/webrick/server.rb:162:in `start'
    /usr/lib/ruby/1.8/webrick/server.rb:162:in `start_thread'
    /usr/lib/ruby/1.8/webrick/server.rb:95:in `start'
    /usr/lib/ruby/1.8/webrick/server.rb:92:in `each'
    /usr/lib/ruby/1.8/webrick/server.rb:92:in `start'
    /usr/lib/ruby/1.8/webrick/server.rb:23:in `start'
    /usr/lib/ruby/1.8/webrick/server.rb:82:in `start'

Rendered rescues/_trace (210.8ms)
Rendered rescues/_request_and_response (1.0ms)
Rendering rescues/layout (internal_server_error)
  [4;36;1mSQL (0.3ms)[0m   [0;1mSET SQL_AUTO_IS_NULL=0[0m


Processing UsersController#new (for 127.0.0.1 at 2009-05-15 12:40:20) [GET]
  [4;35;1mUser Columns (6.2ms)[0m   [0mSHOW FIELDS FROM `users`[0m
Rendering template within layouts/application
Rendering users/new
Rendered users/_form (23.1ms)
Completed in 655ms (View: 59, DB: 6) | 200 OK [http://localhost/users/new]
  [4;36;1mSQL (0.3ms)[0m   [0;1mSET SQL_AUTO_IS_NULL=0[0m


Processing HomeController#index (for 127.0.0.1 at 2009-05-15 12:40:29) [GET]
Rendering template within layouts/application
Rendering home/index
Completed in 26ms (View: 19, DB: 0) | 200 OK [http://localhost/]
  [4;35;1mSQL (0.2ms)[0m   [0mSET SQL_AUTO_IS_NULL=0[0m


Processing PostsController#index (for 127.0.0.1 at 2009-05-15 12:40:31) [GET]
  [4;36;1mPost Load (12.9ms)[0m   [0;1mSELECT * FROM `posts` [0m
Rendering template within layouts/posts
Rendering posts/index
  [4;35;1mPost Columns (2.8ms)[0m   [0mSHOW FIELDS FROM `posts`[0m
Completed in 106ms (View: 29, DB: 16) | 200 OK [http://localhost/posts]
  [4;36;1mSQL (0.3ms)[0m   [0;1mSET SQL_AUTO_IS_NULL=0[0m


Processing PostsController#index (for 127.0.0.1 at 2009-05-15 12:40:42) [GET]
  [4;35;1mPost Load (0.4ms)[0m   [0mSELECT * FROM `posts` [0m
Rendering template within layouts/posts
Rendering posts/index
  [4;36;1mPost Columns (2.1ms)[0m   [0;1mSHOW FIELDS FROM `posts`[0m
Completed in 66ms (View: 33, DB: 3) | 200 OK [http://localhost/posts]
  [4;35;1mSQL (0.3ms)[0m   [0mSET SQL_AUTO_IS_NULL=0[0m


Processing UsersController#new (for 127.0.0.1 at 2009-05-15 12:41:06) [GET]
  [4;36;1mUser Columns (5.2ms)[0m   [0;1mSHOW FIELDS FROM `users`[0m
Rendering template within layouts/application
Rendering users/new
Rendered users/_form (40.8ms)
Completed in 156ms (View: 63, DB: 5) | 200 OK [http://localhost/users/new]
  [4;35;1mSQL (0.3ms)[0m   [0mSET SQL_AUTO_IS_NULL=0[0m


Processing UsersController#new (for 127.0.0.1 at 2009-05-15 12:41:36) [GET]
  [4;36;1mUser Columns (2.5ms)[0m   [0;1mSHOW FIELDS FROM `users`[0m
Rendering template within layouts/application
Rendering users/new
Rendered users/_form (37.7ms)
Completed in 197ms (View: 80, DB: 3) | 200 OK [http://localhost/users/new]
  [4;35;1mSQL (2.2ms)[0m   [0mSET SQL_AUTO_IS_NULL=0[0m


Processing UsersController#new (for 127.0.0.1 at 2009-05-15 12:41:56) [GET]
  [4;36;1mUser Columns (9.4ms)[0m   [0;1mSHOW FIELDS FROM `users`[0m
Rendering template within layouts/application
Rendering users/new
Rendered users/_form (387.6ms)
Completed in 546ms (View: 440, DB: 12) | 200 OK [http://localhost/users/new]
  [4;35;1mSQL (0.3ms)[0m   [0mSET SQL_AUTO_IS_NULL=0[0m


Processing UsersController#new (for 127.0.0.1 at 2009-05-15 12:43:41) [GET]
  [4;36;1mUser Columns (14.4ms)[0m   [0;1mSHOW FIELDS FROM `users`[0m
Rendering template within layouts/application
Rendering users/new
Rendered users/_form (52.8ms)
Completed in 207ms (View: 95, DB: 15) | 200 OK [http://localhost/users/new]
  [4;35;1mSQL (3.2ms)[0m   [0mSET SQL_AUTO_IS_NULL=0[0m


Processing UsersController#new (for 127.0.0.1 at 2009-05-15 12:44:49) [GET]
  [4;36;1mUser Columns (10.4ms)[0m   [0;1mSHOW FIELDS FROM `users`[0m
Rendering template within layouts/application
Rendering users/new
Rendered users/_form (37.0ms)
Completed in 180ms (View: 61, DB: 14) | 200 OK [http://localhost/users/new]
  [4;35;1mSQL (0.4ms)[0m   [0mSET SQL_AUTO_IS_NULL=0[0m


Processing UsersController#create (for 127.0.0.1 at 2009-05-15 12:45:08) [POST]
  Parameters: {"commit"=>"Submit", "authenticity_token"=>"25LzsW7910IX3QON/r69vZkUldRLWFjAPkMUBGQjaWI=", "user"=>{"password_confirmation"=>"srm2004", "username"=>"deepak", "password"=>"srm2004", "email"=>"deepak.prasanna@artha42.com"}}
  [4;36;1mUser Columns (14.5ms)[0m   [0;1mSHOW FIELDS FROM `users`[0m
  [4;35;1mSQL (7.2ms)[0m   [0mBEGIN[0m
  [4;36;1mUser Exists (25.8ms)[0m   [0;1mSELECT `users`.id FROM `users` WHERE (LOWER(`users`.`email`) = BINARY 'deepak.prasanna@artha42.com') LIMIT 1[0m
  [4;35;1mUser Exists (0.8ms)[0m   [0mSELECT `users`.id FROM `users` WHERE (LOWER(`users`.`username`) = BINARY 'deepak') LIMIT 1[0m
  [4;36;1mUser Exists (0.8ms)[0m   [0;1mSELECT `users`.id FROM `users` WHERE (`users`.`persistence_token` = BINARY '0e6eaddb3240b3703d954379ba4eb1c8e4ad3fb9d743f907c4bc2f3b934ece8a209405f1ab27e7e26fe60fd1ce1cb096408947b0cb4d5e605a7e621503cd8972') LIMIT 1[0m
  [4;35;1mUser Create (1.0ms)[0m   [0mINSERT INTO `users` (`created_at`, `crypted_password`, `updated_at`, `username`, `password_salt`, `persistence_token`, `email`) VALUES('2009-05-15 07:15:09', 'e4517ecbcce833242081e2dc9abdc3c54f3fc8ff23ac344f1c7c1956161ea43efc5b9336913547ffca95a656119aa4f0394ae9da12eb2c07c7726cfed2bf6b75', '2009-05-15 07:15:09', 'deepak', '3Jib5eTd09RzC_GNiLnV', '0e6eaddb3240b3703d954379ba4eb1c8e4ad3fb9d743f907c4bc2f3b934ece8a209405f1ab27e7e26fe60fd1ce1cb096408947b0cb4d5e605a7e621503cd8972', 'deepak.prasanna@artha42.com')[0m
  [4;36;1mSQL (5.6ms)[0m   [0;1mCOMMIT[0m
Redirected to http://localhost:3000/
Completed in 1346ms (DB: 56) | 302 Found [http://localhost/users]
  [4;35;1mSQL (0.3ms)[0m   [0mSET SQL_AUTO_IS_NULL=0[0m


Processing HomeController#index (for 127.0.0.1 at 2009-05-15 12:45:10) [GET]
Rendering template within layouts/application
Rendering home/index
Completed in 22ms (View: 13, DB: 0) | 200 OK [http://localhost/]
  [4;36;1mSQL (0.3ms)[0m   [0;1mSET SQL_AUTO_IS_NULL=0[0m


Processing UsersController#new (for 127.0.0.1 at 2009-05-15 12:45:17) [GET]
  [4;35;1mUser Columns (7.0ms)[0m   [0mSHOW FIELDS FROM `users`[0m
Rendering template within layouts/application
Rendering users/new
Rendered users/_form (43.1ms)
Completed in 164ms (View: 65, DB: 7) | 200 OK [http://localhost/users/new]
  [4;36;1mSQL (0.4ms)[0m   [0;1mSET SQL_AUTO_IS_NULL=0[0m


Processing UsersController#create (for 127.0.0.1 at 2009-05-15 12:45:34) [POST]
  Parameters: {"commit"=>"Submit", "authenticity_token"=>"25LzsW7910IX3QON/r69vZkUldRLWFjAPkMUBGQjaWI=", "user"=>{"password_confirmation"=>"test", "username"=>"vagmi", "password"=>"test", "email"=>"rjl;drj"}}
  [4;35;1mUser Columns (3.5ms)[0m   [0mSHOW FIELDS FROM `users`[0m
  [4;36;1mSQL (0.3ms)[0m   [0;1mBEGIN[0m
  [4;35;1mUser Exists (2.1ms)[0m   [0mSELECT `users`.id FROM `users` WHERE (LOWER(`users`.`email`) = BINARY 'rjl;drj') LIMIT 1[0m
  [4;36;1mUser Exists (0.9ms)[0m   [0;1mSELECT `users`.id FROM `users` WHERE (LOWER(`users`.`username`) = BINARY 'vagmi') LIMIT 1[0m
  [4;35;1mUser Exists (0.9ms)[0m   [0mSELECT `users`.id FROM `users` WHERE (`users`.`persistence_token` = BINARY 'c3d71b46e189d1f0dacd119ee4fc9615befc325cebb8a5e6333477d4962344105fb31b5bfbe1d2d0bea7b9fd08bff9722915b5dbcdd93dc81e668a1e6092031d') LIMIT 1[0m
  [4;36;1mSQL (0.5ms)[0m   [0;1mROLLBACK[0m
Rendering template within layouts/application
Rendering users/new
Rendered users/_form (13.4ms)
Completed in 643ms (View: 28, DB: 9) | 200 OK [http://localhost/users]
  [4;35;1mSQL (0.2ms)[0m   [0mSET SQL_AUTO_IS_NULL=0[0m


Processing UsersController#create (for 127.0.0.1 at 2009-05-15 12:45:51) [POST]
  Parameters: {"commit"=>"Submit", "authenticity_token"=>"25LzsW7910IX3QON/r69vZkUldRLWFjAPkMUBGQjaWI=", "user"=>{"password_confirmation"=>"test", "username"=>"vagmi", "password"=>"test", "email"=>"rjl;drj"}}
  [4;36;1mUser Columns (4.1ms)[0m   [0;1mSHOW FIELDS FROM `users`[0m
  [4;35;1mSQL (0.3ms)[0m   [0mBEGIN[0m
  [4;36;1mUser Exists (0.3ms)[0m   [0;1mSELECT `users`.id FROM `users` WHERE (LOWER(`users`.`email`) = BINARY 'rjl;drj') LIMIT 1[0m
  [4;35;1mUser Exists (0.3ms)[0m   [0mSELECT `users`.id FROM `users` WHERE (LOWER(`users`.`username`) = BINARY 'vagmi') LIMIT 1[0m
  [4;36;1mUser Exists (2.5ms)[0m   [0;1mSELECT `users`.id FROM `users` WHERE (`users`.`persistence_token` = BINARY '4382f33080385d7cdbdb198fd3ac979a39280ceaf2be06cd13e5f42558c6ead4d2d63c2550faf16c6257d8c03023abce0b6251fa413379f5728be3b6f8ae7296') LIMIT 1[0m
  [4;35;1mSQL (10.6ms)[0m   [0mROLLBACK[0m
Rendering template within layouts/application
Rendering users/new
Rendered users/_form (20.6ms)
Completed in 242ms (View: 55, DB: 18) | 200 OK [http://localhost/users]
  [4;36;1mSQL (0.3ms)[0m   [0;1mSET SQL_AUTO_IS_NULL=0[0m


Processing PostsController#index (for 127.0.0.1 at 2009-05-15 12:46:20) [GET]
  [4;35;1mPost Load (5.3ms)[0m   [0mSELECT * FROM `posts` [0m
Rendering template within layouts/posts
Rendering posts/index
  [4;36;1mPost Columns (5.0ms)[0m   [0;1mSHOW FIELDS FROM `posts`[0m
Completed in 104ms (View: 44, DB: 11) | 200 OK [http://localhost/posts]
  [4;35;1mSQL (0.3ms)[0m   [0mSET SQL_AUTO_IS_NULL=0[0m


Processing PostsController#new (for 127.0.0.1 at 2009-05-15 12:46:29) [GET]
  [4;36;1mPost Columns (5.1ms)[0m   [0;1mSHOW FIELDS FROM `posts`[0m
Rendering template within layouts/posts
Rendering posts/new
Completed in 116ms (View: 53, DB: 5) | 200 OK [http://localhost/posts/new]
  [4;35;1mSQL (0.3ms)[0m   [0mSET SQL_AUTO_IS_NULL=0[0m


Processing PostsController#index (for 127.0.0.1 at 2009-05-15 12:46:31) [GET]
  [4;36;1mPost Load (3.6ms)[0m   [0;1mSELECT * FROM `posts` [0m
Rendering template within layouts/posts
Rendering posts/index
  [4;35;1mPost Columns (6.7ms)[0m   [0mSHOW FIELDS FROM `posts`[0m
Completed in 111ms (View: 44, DB: 11) | 200 OK [http://localhost/posts]
  [4;36;1mSQL (0.3ms)[0m   [0;1mSET SQL_AUTO_IS_NULL=0[0m


Processing PostsController#index (for 127.0.0.1 at 2009-05-15 12:46:58) [GET]
  [4;35;1mPost Load (0.4ms)[0m   [0mSELECT * FROM `posts` [0m
Rendering template within layouts/posts
Rendering posts/index
  [4;36;1mPost Columns (13.5ms)[0m   [0;1mSHOW FIELDS FROM `posts`[0m
Completed in 61ms (View: 19, DB: 14) | 200 OK [http://localhost/posts]
  [4;35;1mSQL (0.3ms)[0m   [0mSET SQL_AUTO_IS_NULL=0[0m


Processing HomeController#index (for 127.0.0.1 at 2009-05-15 12:47:06) [GET]
Rendering template within layouts/application
Rendering home/index
Completed in 36ms (View: 16, DB: 0) | 200 OK [http://localhost/]
  [4;36;1mSQL (0.3ms)[0m   [0;1mSET SQL_AUTO_IS_NULL=0[0m


Processing PostsController#index (for 127.0.0.1 at 2009-05-15 12:48:19) [GET]
  [4;35;1mPost Load (0.4ms)[0m   [0mSELECT * FROM `posts` [0m
Rendering template within layouts/posts
Rendering posts/index
  [4;36;1mPost Columns (2.2ms)[0m   [0;1mSHOW FIELDS FROM `posts`[0m
Completed in 70ms (View: 29, DB: 3) | 200 OK [http://localhost/posts]
  [4;35;1mSQL (0.3ms)[0m   [0mSET SQL_AUTO_IS_NULL=0[0m


Processing PostsController#index (for 127.0.0.1 at 2009-05-15 12:48:29) [GET]
  [4;36;1mPost Load (4.0ms)[0m   [0;1mSELECT * FROM `posts` [0m
Rendering template within layouts/posts
Rendering posts/index
  [4;35;1mPost Columns (6.2ms)[0m   [0mSHOW FIELDS FROM `posts`[0m
Completed in 102ms (View: 44, DB: 10) | 200 OK [http://localhost/posts]
  [4;36;1mSQL (0.3ms)[0m   [0;1mSET SQL_AUTO_IS_NULL=0[0m


Processing PostsController#show (for 127.0.0.1 at 2009-05-15 12:48:38) [GET]
  Parameters: {"id"=>"1"}
  [4;35;1mPost Columns (4.0ms)[0m   [0mSHOW FIELDS FROM `posts`[0m
  [4;36;1mPost Load (2.9ms)[0m   [0;1mSELECT * FROM `posts` WHERE (`posts`.`id` = 1) [0m
Rendering template within layouts/posts
Rendering posts/show
Completed in 104ms (View: 33, DB: 7) | 200 OK [http://localhost/posts/1]
  [4;35;1mSQL (0.3ms)[0m   [0mSET SQL_AUTO_IS_NULL=0[0m


Processing PostsController#index (for 127.0.0.1 at 2009-05-15 12:48:40) [GET]
  [4;36;1mPost Load (6.8ms)[0m   [0;1mSELECT * FROM `posts` [0m
Rendering template within layouts/posts
Rendering posts/index
  [4;35;1mPost Columns (2.7ms)[0m   [0mSHOW FIELDS FROM `posts`[0m
Completed in 106ms (View: 50, DB: 10) | 200 OK [http://localhost/posts]
  [4;36;1mSQL (2.4ms)[0m   [0;1mSET SQL_AUTO_IS_NULL=0[0m


Processing PostsController#index (for 127.0.0.1 at 2009-05-15 12:49:33) [GET]
  [4;35;1mPost Load (1.9ms)[0m   [0mSELECT * FROM `posts` [0m
Rendering template within layouts/posts
Rendering posts/index
  [4;36;1mPost Columns (10.6ms)[0m   [0;1mSHOW FIELDS FROM `posts`[0m
Completed in 60ms (View: 16, DB: 15) | 200 OK [http://localhost/posts]
  [4;35;1mSQL (0.3ms)[0m   [0mSET SQL_AUTO_IS_NULL=0[0m


Processing HomeController#index (for 127.0.0.1 at 2009-05-15 12:49:39) [GET]
Rendering template within layouts/application
Rendering home/index
Completed in 34ms (View: 27, DB: 0) | 200 OK [http://localhost/]
  [4;36;1mSQL (0.6ms)[0m   [0;1mSET SQL_AUTO_IS_NULL=0[0m


Processing HomeController#index (for 127.0.0.1 at 2009-05-15 12:49:40) [GET]
Rendering template within layouts/application
Rendering home/index
Completed in 27ms (View: 19, DB: 1) | 200 OK [http://localhost/]
  [4;35;1mSQL (0.4ms)[0m   [0mSET SQL_AUTO_IS_NULL=0[0m


Processing PostsController#index (for 127.0.0.1 at 2009-05-15 12:49:45) [GET]
  [4;36;1mPost Load (1.3ms)[0m   [0;1mSELECT * FROM `posts` [0m
Rendering template within layouts/posts
Rendering posts/index
  [4;35;1mPost Columns (10.0ms)[0m   [0mSHOW FIELDS FROM `posts`[0m
Completed in 62ms (View: 17, DB: 12) | 200 OK [http://localhost/posts]
  [4;36;1mSQL (0.3ms)[0m   [0;1mSET SQL_AUTO_IS_NULL=0[0m


Processing UsersController#new (for 127.0.0.1 at 2009-05-15 12:49:59) [GET]
  [4;35;1mUser Columns (9.9ms)[0m   [0mSHOW FIELDS FROM `users`[0m
Rendering template within layouts/application
Rendering users/new
Rendered users/_form (29.5ms)
Completed in 100ms (View: 38, DB: 10) | 200 OK [http://localhost/users/new]
  [4;36;1mSQL (0.3ms)[0m   [0;1mSET SQL_AUTO_IS_NULL=0[0m


Processing UsersController#new (for 127.0.0.1 at 2009-05-15 12:50:02) [GET]
  [4;35;1mUser Columns (13.4ms)[0m   [0mSHOW FIELDS FROM `users`[0m
Rendering template within layouts/application
Rendering users/new
Rendered users/_form (32.5ms)
Completed in 107ms (View: 49, DB: 14) | 200 OK [http://localhost/users/new]
  [4;36;1mSQL (0.4ms)[0m   [0;1mSET SQL_AUTO_IS_NULL=0[0m


Processing HomeController#index (for 127.0.0.1 at 2009-05-15 12:51:52) [GET]
Rendering template within layouts/application
Rendering home/index
Completed in 58ms (View: 51, DB: 0) | 200 OK [http://localhost/]
  [4;35;1mSQL (0.3ms)[0m   [0mSET SQL_AUTO_IS_NULL=0[0m


Processing PostsController#index (for 127.0.0.1 at 2009-05-15 12:51:55) [GET]
  [4;36;1mPost Load (11.5ms)[0m   [0;1mSELECT * FROM `posts` [0m
Rendering template within layouts/posts
Rendering posts/index
  [4;35;1mPost Columns (6.0ms)[0m   [0mSHOW FIELDS FROM `posts`[0m
Completed in 188ms (View: 128, DB: 18) | 200 OK [http://localhost/posts]
  [4;36;1mSQL (0.5ms)[0m   [0;1mSET SQL_AUTO_IS_NULL=0[0m


Processing PostsController#index (for 127.0.0.1 at 2009-05-15 13:12:04) [GET]
  [4;35;1mPost Load (0.5ms)[0m   [0mSELECT * FROM `posts` [0m
Rendering template within layouts/application
Rendering posts/index
  [4;36;1mPost Columns (2.2ms)[0m   [0;1mSHOW FIELDS FROM `posts`[0m
Completed in 124ms (View: 88, DB: 3) | 200 OK [http://localhost/posts]
  [4;35;1mSQL (0.8ms)[0m   [0mSET SQL_AUTO_IS_NULL=0[0m


Processing HomeController#index (for 127.0.0.1 at 2009-05-15 13:13:49) [GET]
Rendering template within layouts/application
Rendering home/index
Completed in 483ms (View: 461, DB: 1) | 200 OK [http://localhost/]
  [4;36;1mSQL (0.3ms)[0m   [0;1mSET SQL_AUTO_IS_NULL=0[0m


Processing PostsController#index (for 127.0.0.1 at 2009-05-15 13:14:13) [GET]
  [4;35;1mPost Load (0.4ms)[0m   [0mSELECT * FROM `posts` [0m
Rendering template within layouts/application
Rendering posts/index
  [4;36;1mPost Columns (2.3ms)[0m   [0;1mSHOW FIELDS FROM `posts`[0m
Completed in 76ms (View: 31, DB: 3) | 200 OK [http://localhost/posts]
  [4;35;1mSQL (5.0ms)[0m   [0mSET SQL_AUTO_IS_NULL=0[0m


Processing PostsController#new (for 127.0.0.1 at 2009-05-15 13:14:16) [GET]
  [4;36;1mPost Columns (3.9ms)[0m   [0;1mSHOW FIELDS FROM `posts`[0m
Rendering template within layouts/application
Rendering posts/new
Completed in 121ms (View: 64, DB: 9) | 200 OK [http://localhost/posts/new]
  [4;35;1mSQL (0.3ms)[0m   [0mSET SQL_AUTO_IS_NULL=0[0m


Processing PostsController#index (for 127.0.0.1 at 2009-05-15 13:14:20) [GET]
  [4;36;1mPost Load (0.4ms)[0m   [0;1mSELECT * FROM `posts` [0m
Rendering template within layouts/application
Rendering posts/index
  [4;35;1mPost Columns (7.3ms)[0m   [0mSHOW FIELDS FROM `posts`[0m
Completed in 113ms (View: 38, DB: 8) | 200 OK [http://localhost/posts]
  [4;36;1mSQL (0.3ms)[0m   [0;1mSET SQL_AUTO_IS_NULL=0[0m


Processing HomeController#index (for 127.0.0.1 at 2009-05-15 13:14:30) [GET]
Rendering template within layouts/application
Rendering home/index
Completed in 47ms (View: 20, DB: 0) | 200 OK [http://localhost/]
  [4;35;1mSQL (19.3ms)[0m   [0mSET SQL_AUTO_IS_NULL=0[0m


Processing HomeController#index (for 127.0.0.1 at 2009-05-15 13:15:31) [GET]
Rendering template within layouts/application
Rendering home/index
Completed in 99ms (View: 72, DB: 19) | 200 OK [http://localhost/]
  [4;36;1mSQL (0.3ms)[0m   [0;1mSET SQL_AUTO_IS_NULL=0[0m


Processing HomeController#index (for 127.0.0.1 at 2009-05-15 13:16:24) [GET]
Rendering template within layouts/application
Rendering home/index
Completed in 81ms (View: 62, DB: 0) | 200 OK [http://localhost/]
  [4;35;1mSQL (0.3ms)[0m   [0mSET SQL_AUTO_IS_NULL=0[0m


Processing HomeController#index (for 127.0.0.1 at 2009-05-15 13:16:31) [GET]
Rendering template within layouts/application
Rendering home/index
Completed in 45ms (View: 15, DB: 0) | 200 OK [http://localhost/]
  [4;36;1mSQL (1.6ms)[0m   [0;1mSET SQL_AUTO_IS_NULL=0[0m


Processing PostsController#index (for 127.0.0.1 at 2009-05-15 13:16:37) [GET]
  [4;35;1mPost Load (0.4ms)[0m   [0mSELECT * FROM `posts` [0m
Rendering template within layouts/application
Rendering posts/index
  [4;36;1mPost Columns (10.2ms)[0m   [0;1mSHOW FIELDS FROM `posts`[0m
Completed in 107ms (View: 41, DB: 12) | 200 OK [http://localhost/posts]
  [4;35;1mSQL (0.3ms)[0m   [0mSET SQL_AUTO_IS_NULL=0[0m


Processing PostsController#index (for 127.0.0.1 at 2009-05-15 13:16:41) [GET]
  [4;36;1mPost Load (2.8ms)[0m   [0;1mSELECT * FROM `posts` [0m
Rendering template within layouts/application
Rendering posts/index
  [4;35;1mPost Columns (3.3ms)[0m   [0mSHOW FIELDS FROM `posts`[0m
Completed in 111ms (View: 46, DB: 6) | 200 OK [http://localhost/posts]
  [4;36;1mSQL (4.9ms)[0m   [0;1mSET SQL_AUTO_IS_NULL=0[0m


Processing PostsController#new (for 127.0.0.1 at 2009-05-15 13:16:51) [GET]
  [4;35;1mPost Columns (8.2ms)[0m   [0mSHOW FIELDS FROM `posts`[0m
Rendering template within layouts/application
Rendering posts/new
Completed in 102ms (View: 37, DB: 13) | 200 OK [http://localhost/posts/new]
  [4;36;1mSQL (0.3ms)[0m   [0;1mSET SQL_AUTO_IS_NULL=0[0m


Processing PostsController#new (for 127.0.0.1 at 2009-05-15 13:17:08) [GET]
  [4;35;1mPost Columns (4.6ms)[0m   [0mSHOW FIELDS FROM `posts`[0m
Rendering template within layouts/application
Rendering posts/new
Completed in 73ms (View: 34, DB: 5) | 200 OK [http://localhost/posts/new]
  [4;36;1mSQL (0.3ms)[0m   [0;1mSET SQL_AUTO_IS_NULL=0[0m


Processing PostsController#index (for 127.0.0.1 at 2009-05-15 13:17:13) [GET]
  [4;35;1mPost Load (6.7ms)[0m   [0mSELECT * FROM `posts` [0m
Rendering template within layouts/application
Rendering posts/index
  [4;36;1mPost Columns (5.7ms)[0m   [0;1mSHOW FIELDS FROM `posts`[0m
Completed in 118ms (View: 43, DB: 13) | 200 OK [http://localhost/posts]
  [4;35;1mSQL (0.3ms)[0m   [0mSET SQL_AUTO_IS_NULL=0[0m


Processing PostsController#index (for 127.0.0.1 at 2009-05-15 13:18:13) [GET]
  [4;36;1mPost Load (10.1ms)[0m   [0;1mSELECT * FROM `posts` [0m
Rendering template within layouts/application
Rendering posts/index
  [4;35;1mPost Columns (11.3ms)[0m   [0mSHOW FIELDS FROM `posts`[0m
Completed in 149ms (View: 79, DB: 22) | 200 OK [http://localhost/posts]
  [4;36;1mSQL (0.3ms)[0m   [0;1mSET SQL_AUTO_IS_NULL=0[0m


Processing UserSessionsController#new (for 127.0.0.1 at 2009-05-15 13:18:17) [GET]
  [4;35;1mUser Columns (2.5ms)[0m   [0mSHOW FIELDS FROM `users`[0m
Rendering template within layouts/application
Rendering user_sessions/new
Completed in 170ms (View: 63, DB: 3) | 200 OK [http://localhost/login]
  [4;36;1mSQL (7.4ms)[0m   [0;1mSET SQL_AUTO_IS_NULL=0[0m


Processing UserSessionsController#create (for 127.0.0.1 at 2009-05-15 13:18:49) [POST]
  Parameters: {"commit"=>"Submit", "user_session"=>{"username"=>"deepak", "password"=>"srm2004djfh"}, "authenticity_token"=>"25LzsW7910IX3QON/r69vZkUldRLWFjAPkMUBGQjaWI="}
  [4;35;1mUser Columns (6.5ms)[0m   [0mSHOW FIELDS FROM `users`[0m
  [4;36;1mUser Load (1.2ms)[0m   [0;1mSELECT * FROM `users` WHERE (LOWER(`users`.username) = 'deepak') LIMIT 1[0m
Rendering template within layouts/application
Rendering user_sessions/new
Completed in 854ms (View: 49, DB: 15) | 200 OK [http://localhost/user_sessions]
  [4;35;1mSQL (2.3ms)[0m   [0mSET SQL_AUTO_IS_NULL=0[0m


Processing UserSessionsController#create (for 127.0.0.1 at 2009-05-15 13:18:57) [POST]
  Parameters: {"commit"=>"Submit", "user_session"=>{"username"=>"deepak", "password"=>"srm2004"}, "authenticity_token"=>"25LzsW7910IX3QON/r69vZkUldRLWFjAPkMUBGQjaWI="}
  [4;36;1mUser Columns (9.9ms)[0m   [0;1mSHOW FIELDS FROM `users`[0m
  [4;35;1mUser Load (3.8ms)[0m   [0mSELECT * FROM `users` WHERE (LOWER(`users`.username) = 'deepak') LIMIT 1[0m
Redirected to http://localhost:3000/
Completed in 287ms (DB: 16) | 302 Found [http://localhost/user_sessions]
  [4;36;1mSQL (0.3ms)[0m   [0;1mSET SQL_AUTO_IS_NULL=0[0m


Processing HomeController#index (for 127.0.0.1 at 2009-05-15 13:18:58) [GET]
Rendering template within layouts/application
Rendering home/index
Completed in 20ms (View: 9, DB: 0) | 200 OK [http://localhost/]
  [4;35;1mSQL (1.3ms)[0m   [0mSET SQL_AUTO_IS_NULL=0[0m


Processing HomeController#index (for 127.0.0.1 at 2009-05-15 13:21:50) [GET]
Rendering template within layouts/application
Rendering home/index

ActionView::TemplateError (undefined local variable or method `current_user' for #<ActionView::Base:0xb67a6168>) on line #12 of app/views/layouts/application.html.erb:
9: <%= stylesheet_link_tag 'scaffold' %>
10: <title>Blog Application</title>
11: <div id="user_nav" style="text-align:right;">
12: <% if current_user %>
13: <%= link_to 'logout', logout_path %>
14: <% else %>
15: <%= link_to 'register', {:controller => 'users',:action => 'new'} %> |

    app/views/layouts/application.html.erb:12
    /usr/lib/ruby/1.8/webrick/httpserver.rb:104:in `service'
    /usr/lib/ruby/1.8/webrick/httpserver.rb:65:in `run'
    /usr/lib/ruby/1.8/webrick/server.rb:173:in `start_thread'
    /usr/lib/ruby/1.8/webrick/server.rb:162:in `start'
    /usr/lib/ruby/1.8/webrick/server.rb:162:in `start_thread'
    /usr/lib/ruby/1.8/webrick/server.rb:95:in `start'
    /usr/lib/ruby/1.8/webrick/server.rb:92:in `each'
    /usr/lib/ruby/1.8/webrick/server.rb:92:in `start'
    /usr/lib/ruby/1.8/webrick/server.rb:23:in `start'
    /usr/lib/ruby/1.8/webrick/server.rb:82:in `start'

Rendered rescues/_trace (181.2ms)
Rendered rescues/_request_and_response (7.9ms)
Rendering rescues/layout (internal_server_error)
  [4;36;1mSQL (0.3ms)[0m   [0;1mSET SQL_AUTO_IS_NULL=0[0m


Processing HomeController#index (for 127.0.0.1 at 2009-05-15 13:25:36) [GET]
Rendering template within layouts/application
Rendering home/index
  [4;35;1mUser Columns (2.8ms)[0m   [0mSHOW FIELDS FROM `users`[0m
  [4;36;1mUser Load (1.2ms)[0m   [0;1mSELECT * FROM `users` WHERE (`users`.`id` = '1') LIMIT 1[0m
Completed in 205ms (View: 192, DB: 4) | 200 OK [http://localhost/]
  [4;35;1mSQL (1.4ms)[0m   [0mSET SQL_AUTO_IS_NULL=0[0m


Processing HomeController#index (for 127.0.0.1 at 2009-05-15 13:28:17) [GET]
Rendering template within layouts/application
Rendering home/index
  [4;36;1mUser Columns (3.7ms)[0m   [0;1mSHOW FIELDS FROM `users`[0m
  [4;35;1mUser Load (5.5ms)[0m   [0mSELECT * FROM `users` WHERE (`users`.`id` = '1') LIMIT 1[0m
Completed in 222ms (View: 194, DB: 11) | 200 OK [http://localhost/]
  [4;36;1mSQL (2.8ms)[0m   [0;1mSET SQL_AUTO_IS_NULL=0[0m


Processing UsersController#edit (for 127.0.0.1 at 2009-05-15 13:28:20) [GET]
  Parameters: {"id"=>"current"}
  [4;35;1mUser Columns (3.5ms)[0m   [0mSHOW FIELDS FROM `users`[0m
  [4;36;1mUser Load (1.0ms)[0m   [0;1mSELECT * FROM `users` WHERE (`users`.`id` = 0) [0m

ActiveRecord::RecordNotFound (Couldn't find User with ID=current):
  app/controllers/users_controller.rb:17:in `edit'
  /usr/lib/ruby/1.8/webrick/httpserver.rb:104:in `service'
  /usr/lib/ruby/1.8/webrick/httpserver.rb:65:in `run'
  /usr/lib/ruby/1.8/webrick/server.rb:173:in `start_thread'
  /usr/lib/ruby/1.8/webrick/server.rb:162:in `start'
  /usr/lib/ruby/1.8/webrick/server.rb:162:in `start_thread'
  /usr/lib/ruby/1.8/webrick/server.rb:95:in `start'
  /usr/lib/ruby/1.8/webrick/server.rb:92:in `each'
  /usr/lib/ruby/1.8/webrick/server.rb:92:in `start'
  /usr/lib/ruby/1.8/webrick/server.rb:23:in `start'
  /usr/lib/ruby/1.8/webrick/server.rb:82:in `start'

Rendered rescues/_trace (694.9ms)
Rendered rescues/_request_and_response (1.2ms)
Rendering rescues/layout (not_found)
  [4;35;1mSQL (7.1ms)[0m   [0mSET SQL_AUTO_IS_NULL=0[0m


Processing UsersController#edit (for 127.0.0.1 at 2009-05-15 13:30:10) [GET]
  Parameters: {"id"=>"current"}
  [4;36;1mUser Columns (35.5ms)[0m   [0;1mSHOW FIELDS FROM `users`[0m
  [4;35;1mUser Load (2.8ms)[0m   [0mSELECT * FROM `users` WHERE (`users`.`id` = '1') LIMIT 1[0m
Rendering template within layouts/application
Rendering users/edit

ActionView::TemplateError (undefined method `title' for #<ActionView::Base:0xb681b7b0>) on line #1 of app/views/users/edit.html.erb:
1: <% title "Edit User" %>
2: 
3: <%= render :partial => 'form' %>

    app/views/users/edit.html.erb:1
    /usr/lib/ruby/1.8/webrick/httpserver.rb:104:in `service'
    /usr/lib/ruby/1.8/webrick/httpserver.rb:65:in `run'
    /usr/lib/ruby/1.8/webrick/server.rb:173:in `start_thread'
    /usr/lib/ruby/1.8/webrick/server.rb:162:in `start'
    /usr/lib/ruby/1.8/webrick/server.rb:162:in `start_thread'
    /usr/lib/ruby/1.8/webrick/server.rb:95:in `start'
    /usr/lib/ruby/1.8/webrick/server.rb:92:in `each'
    /usr/lib/ruby/1.8/webrick/server.rb:92:in `start'
    /usr/lib/ruby/1.8/webrick/server.rb:23:in `start'
    /usr/lib/ruby/1.8/webrick/server.rb:82:in `start'

Rendered rescues/_trace (275.4ms)
Rendered rescues/_request_and_response (1.0ms)
Rendering rescues/layout (internal_server_error)
  [4;36;1mSQL (0.6ms)[0m   [0;1mSET SQL_AUTO_IS_NULL=0[0m


Processing UsersController#edit (for 127.0.0.1 at 2009-05-15 13:30:30) [GET]
  Parameters: {"id"=>"current"}
  [4;35;1mUser Columns (11.4ms)[0m   [0mSHOW FIELDS FROM `users`[0m
  [4;36;1mUser Load (0.4ms)[0m   [0;1mSELECT * FROM `users` WHERE (`users`.`id` = '1') LIMIT 1[0m
Rendering template within layouts/application
Rendering users/edit
Rendered users/_form (28.7ms)
Completed in 312ms (View: 118, DB: 12) | 200 OK [http://localhost/users/current/edit]
  [4;35;1mSQL (0.3ms)[0m   [0mSET SQL_AUTO_IS_NULL=0[0m


Processing UsersController#update (for 127.0.0.1 at 2009-05-15 13:30:43) [PUT]
  Parameters: {"commit"=>"Submit", "authenticity_token"=>"25LzsW7910IX3QON/r69vZkUldRLWFjAPkMUBGQjaWI=", "id"=>"1", "user"=>{"password_confirmation"=>"", "username"=>"deepak.prasanna", "password"=>"", "email"=>"deepak.prasanna@artha42.com"}}
  [4;36;1mUser Columns (5.3ms)[0m   [0;1mSHOW FIELDS FROM `users`[0m
  [4;35;1mUser Load (10.3ms)[0m   [0mSELECT * FROM `users` WHERE (`users`.`id` = '1') LIMIT 1[0m
  [4;36;1mSQL (0.3ms)[0m   [0;1mBEGIN[0m
  [4;35;1mUser Exists (19.1ms)[0m   [0mSELECT `users`.id FROM `users` WHERE (LOWER(`users`.`username`) = BINARY 'deepak.prasanna' AND `users`.id <> 1) LIMIT 1[0m
  [4;36;1mUser Update (1.2ms)[0m   [0;1mUPDATE `users` SET `updated_at` = '2009-05-15 08:00:44', `username` = 'deepak.prasanna' WHERE `id` = 1[0m
  [4;35;1mSQL (5.9ms)[0m   [0mCOMMIT[0m
Redirected to http://localhost:3000/users
Completed in 1151ms (DB: 42) | 302 Found [http://localhost/users/1]
  [4;36;1mSQL (2.6ms)[0m   [0;1mSET SQL_AUTO_IS_NULL=0[0m


Processing UsersController#index (for 127.0.0.1 at 2009-05-15 13:30:45) [GET]

ActionController::UnknownAction (No action responded to index. Actions: create, edit, new, and update):
  /usr/lib/ruby/1.8/webrick/httpserver.rb:104:in `service'
  /usr/lib/ruby/1.8/webrick/httpserver.rb:65:in `run'
  /usr/lib/ruby/1.8/webrick/server.rb:173:in `start_thread'
  /usr/lib/ruby/1.8/webrick/server.rb:162:in `start'
  /usr/lib/ruby/1.8/webrick/server.rb:162:in `start_thread'
  /usr/lib/ruby/1.8/webrick/server.rb:95:in `start'
  /usr/lib/ruby/1.8/webrick/server.rb:92:in `each'
  /usr/lib/ruby/1.8/webrick/server.rb:92:in `start'
  /usr/lib/ruby/1.8/webrick/server.rb:23:in `start'
  /usr/lib/ruby/1.8/webrick/server.rb:82:in `start'

Rendering rescues/layout (not_found)
  [4;35;1mSQL (0.3ms)[0m   [0mSET SQL_AUTO_IS_NULL=0[0m


Processing UsersController#index (for 127.0.0.1 at 2009-05-15 13:31:07) [GET]

ActionController::UnknownAction (No action responded to index. Actions: create, edit, new, and update):
  /usr/lib/ruby/1.8/webrick/httpserver.rb:104:in `service'
  /usr/lib/ruby/1.8/webrick/httpserver.rb:65:in `run'
  /usr/lib/ruby/1.8/webrick/server.rb:173:in `start_thread'
  /usr/lib/ruby/1.8/webrick/server.rb:162:in `start'
  /usr/lib/ruby/1.8/webrick/server.rb:162:in `start_thread'
  /usr/lib/ruby/1.8/webrick/server.rb:95:in `start'
  /usr/lib/ruby/1.8/webrick/server.rb:92:in `each'
  /usr/lib/ruby/1.8/webrick/server.rb:92:in `start'
  /usr/lib/ruby/1.8/webrick/server.rb:23:in `start'
  /usr/lib/ruby/1.8/webrick/server.rb:82:in `start'

Rendering rescues/layout (not_found)
  [4;36;1mSQL (4.5ms)[0m   [0;1mSET SQL_AUTO_IS_NULL=0[0m


Processing UsersController#update (for 127.0.0.1 at 2009-05-15 13:31:10) [PUT]
  Parameters: {"commit"=>"Submit", "authenticity_token"=>"25LzsW7910IX3QON/r69vZkUldRLWFjAPkMUBGQjaWI=", "id"=>"1", "user"=>{"password_confirmation"=>"", "username"=>"deepak.prasanna", "password"=>"", "email"=>"deepak.prasanna@artha42.com"}}
  [4;35;1mUser Columns (12.9ms)[0m   [0mSHOW FIELDS FROM `users`[0m
  [4;36;1mUser Load (1.8ms)[0m   [0;1mSELECT * FROM `users` WHERE (`users`.`id` = '1') LIMIT 1[0m
  [4;35;1mSQL (1.7ms)[0m   [0mBEGIN[0m
  [4;36;1mSQL (15.5ms)[0m   [0;1mCOMMIT[0m
Redirected to http://localhost:3000/
Completed in 326ms (DB: 36) | 302 Found [http://localhost/users/1]
  [4;35;1mSQL (0.3ms)[0m   [0mSET SQL_AUTO_IS_NULL=0[0m


Processing HomeController#index (for 127.0.0.1 at 2009-05-15 13:31:11) [GET]
Rendering template within layouts/application
Rendering home/index
  [4;36;1mUser Columns (2.4ms)[0m   [0;1mSHOW FIELDS FROM `users`[0m
  [4;35;1mUser Load (12.4ms)[0m   [0mSELECT * FROM `users` WHERE (`users`.`id` = '1') LIMIT 1[0m
Completed in 293ms (View: 258, DB: 15) | 200 OK [http://localhost/]
  [4;36;1mSQL (0.3ms)[0m   [0;1mSET SQL_AUTO_IS_NULL=0[0m


Processing UsersController#edit (for 127.0.0.1 at 2009-05-15 13:31:28) [GET]
  Parameters: {"id"=>"current"}
  [4;35;1mUser Columns (6.4ms)[0m   [0mSHOW FIELDS FROM `users`[0m
  [4;36;1mUser Load (3.3ms)[0m   [0;1mSELECT * FROM `users` WHERE (`users`.`id` = '1') LIMIT 1[0m
Rendering template within layouts/application
Rendering users/edit
Rendered users/_form (25.4ms)
Completed in 237ms (View: 48, DB: 10) | 200 OK [http://localhost/users/current/edit]
  [4;35;1mSQL (0.3ms)[0m   [0mSET SQL_AUTO_IS_NULL=0[0m


Processing UsersController#update (for 127.0.0.1 at 2009-05-15 13:31:39) [PUT]
  Parameters: {"commit"=>"Submit", "authenticity_token"=>"25LzsW7910IX3QON/r69vZkUldRLWFjAPkMUBGQjaWI=", "id"=>"1", "user"=>{"password_confirmation"=>"", "username"=>"deepak", "password"=>"", "email"=>"deepak.prasanna@artha42.com"}}
  [4;36;1mUser Columns (6.5ms)[0m   [0;1mSHOW FIELDS FROM `users`[0m
  [4;35;1mUser Load (0.4ms)[0m   [0mSELECT * FROM `users` WHERE (`users`.`id` = '1') LIMIT 1[0m
  [4;36;1mSQL (0.3ms)[0m   [0;1mBEGIN[0m
  [4;35;1mUser Exists (1.1ms)[0m   [0mSELECT `users`.id FROM `users` WHERE (LOWER(`users`.`username`) = BINARY 'deepak' AND `users`.id <> 1) LIMIT 1[0m
  [4;36;1mUser Update (1.2ms)[0m   [0;1mUPDATE `users` SET `updated_at` = '2009-05-15 08:01:39', `username` = 'deepak' WHERE `id` = 1[0m
  [4;35;1mSQL (5.1ms)[0m   [0mCOMMIT[0m
Redirected to http://localhost:3000/
Completed in 159ms (DB: 15) | 302 Found [http://localhost/users/1]
  [4;36;1mSQL (0.3ms)[0m   [0;1mSET SQL_AUTO_IS_NULL=0[0m


Processing HomeController#index (for 127.0.0.1 at 2009-05-15 13:31:40) [GET]
Rendering template within layouts/application
Rendering home/index
  [4;35;1mUser Columns (2.4ms)[0m   [0mSHOW FIELDS FROM `users`[0m
  [4;36;1mUser Load (1.4ms)[0m   [0;1mSELECT * FROM `users` WHERE (`users`.`id` = '1') LIMIT 1[0m
Completed in 123ms (View: 109, DB: 4) | 200 OK [http://localhost/]
  [4;35;1mSQL (0.3ms)[0m   [0mSET SQL_AUTO_IS_NULL=0[0m


Processing UsersController#edit (for 127.0.0.1 at 2009-05-15 13:34:41) [GET]
  Parameters: {"id"=>"current"}
  [4;36;1mUser Columns (2.4ms)[0m   [0;1mSHOW FIELDS FROM `users`[0m
  [4;35;1mUser Load (1.9ms)[0m   [0mSELECT * FROM `users` WHERE (`users`.`id` = '1') LIMIT 1[0m
Rendering template within layouts/application
Rendering users/edit
Rendered users/_form (28.9ms)
Completed in 260ms (View: 86, DB: 5) | 200 OK [http://localhost/users/current/edit]
  [4;36;1mSQL (0.3ms)[0m   [0;1mSET SQL_AUTO_IS_NULL=0[0m


Processing UsersController#update (for 127.0.0.1 at 2009-05-15 13:34:50) [PUT]
  Parameters: {"commit"=>"Submit", "authenticity_token"=>"25LzsW7910IX3QON/r69vZkUldRLWFjAPkMUBGQjaWI=", "id"=>"1", "user"=>{"password_confirmation"=>"", "username"=>"deepak.prasanna", "password"=>"", "email"=>"deepak.prasanna@artha42.com"}}
  [4;35;1mUser Columns (5.4ms)[0m   [0mSHOW FIELDS FROM `users`[0m
  [4;36;1mUser Load (13.2ms)[0m   [0;1mSELECT * FROM `users` WHERE (`users`.`id` = '1') LIMIT 1[0m
  [4;35;1mSQL (7.3ms)[0m   [0mBEGIN[0m
  [4;36;1mUser Exists (1.9ms)[0m   [0;1mSELECT `users`.id FROM `users` WHERE (LOWER(`users`.`username`) = BINARY 'deepak.prasanna' AND `users`.id <> 1) LIMIT 1[0m
  [4;35;1mUser Update (3.9ms)[0m   [0mUPDATE `users` SET `updated_at` = '2009-05-15 08:04:50', `username` = 'deepak.prasanna' WHERE `id` = 1[0m
  [4;36;1mSQL (15.9ms)[0m   [0;1mCOMMIT[0m
Redirected to http://localhost:3000/
Completed in 235ms (DB: 48) | 302 Found [http://localhost/users/1]
  [4;35;1mSQL (4.7ms)[0m   [0mSET SQL_AUTO_IS_NULL=0[0m


Processing HomeController#index (for 127.0.0.1 at 2009-05-15 13:34:50) [GET]
Rendering template within layouts/application
Rendering home/index
  [4;36;1mUser Columns (2.4ms)[0m   [0;1mSHOW FIELDS FROM `users`[0m
  [4;35;1mUser Load (1.0ms)[0m   [0mSELECT * FROM `users` WHERE (`users`.`id` = '1') LIMIT 1[0m
Completed in 140ms (View: 115, DB: 8) | 200 OK [http://localhost/]
  [4;36;1mSQL (0.3ms)[0m   [0;1mSET SQL_AUTO_IS_NULL=0[0m


Processing PostsController#index (for 127.0.0.1 at 2009-05-15 13:34:56) [GET]
  [4;35;1mPost Load (0.4ms)[0m   [0mSELECT * FROM `posts` [0m
Rendering template within layouts/application
Rendering posts/index
  [4;36;1mPost Columns (2.3ms)[0m   [0;1mSHOW FIELDS FROM `posts`[0m
  [4;35;1mUser Columns (9.0ms)[0m   [0mSHOW FIELDS FROM `users`[0m
  [4;36;1mUser Load (1.4ms)[0m   [0;1mSELECT * FROM `users` WHERE (`users`.`id` = '1') LIMIT 1[0m
Completed in 238ms (View: 164, DB: 13) | 200 OK [http://localhost/posts]
  [4;35;1mSQL (1.0ms)[0m   [0mSET SQL_AUTO_IS_NULL=0[0m


Processing UserSessionsController#destroy (for 127.0.0.1 at 2009-05-15 13:35:44) [GET]
  [4;36;1mUser Columns (3.4ms)[0m   [0;1mSHOW FIELDS FROM `users`[0m
  [4;35;1mUser Load (0.4ms)[0m   [0mSELECT * FROM `users` WHERE (`users`.`id` = '1') LIMIT 1[0m
Redirected to http://localhost:3000/
Completed in 762ms (DB: 5) | 302 Found [http://localhost/logout]
  [4;36;1mSQL (0.3ms)[0m   [0;1mSET SQL_AUTO_IS_NULL=0[0m


Processing HomeController#index (for 127.0.0.1 at 2009-05-15 13:35:45) [GET]
Rendering template within layouts/application
Rendering home/index
  [4;35;1mUser Columns (6.7ms)[0m   [0mSHOW FIELDS FROM `users`[0m
Completed in 99ms (View: 71, DB: 7) | 200 OK [http://localhost/]
  [4;36;1mSQL (0.3ms)[0m   [0;1mSET SQL_AUTO_IS_NULL=0[0m


Processing UserSessionsController#new (for 127.0.0.1 at 2009-05-15 13:36:05) [GET]
  [4;35;1mUser Columns (2.4ms)[0m   [0mSHOW FIELDS FROM `users`[0m
Rendering template within layouts/application
Rendering user_sessions/new
Completed in 143ms (View: 59, DB: 3) | 200 OK [http://localhost/login]
  [4;36;1mSQL (0.3ms)[0m   [0;1mSET SQL_AUTO_IS_NULL=0[0m


Processing UserSessionsController#create (for 127.0.0.1 at 2009-05-15 13:36:18) [POST]
  Parameters: {"commit"=>"Submit", "user_session"=>{"username"=>"deepak", "password"=>"srm2004"}, "authenticity_token"=>"25LzsW7910IX3QON/r69vZkUldRLWFjAPkMUBGQjaWI="}
  [4;35;1mUser Columns (7.1ms)[0m   [0mSHOW FIELDS FROM `users`[0m
  [4;36;1mUser Load (1.2ms)[0m   [0;1mSELECT * FROM `users` WHERE (LOWER(`users`.username) = 'deepak') LIMIT 1[0m
Rendering template within layouts/application
Rendering user_sessions/new
Completed in 180ms (View: 44, DB: 9) | 200 OK [http://localhost/user_sessions]
  [4;35;1mSQL (0.3ms)[0m   [0mSET SQL_AUTO_IS_NULL=0[0m


Processing UserSessionsController#create (for 127.0.0.1 at 2009-05-15 13:36:34) [POST]
  Parameters: {"commit"=>"Submit", "user_session"=>{"username"=>"deepak.prasanna", "password"=>"srm2004"}, "authenticity_token"=>"25LzsW7910IX3QON/r69vZkUldRLWFjAPkMUBGQjaWI="}
  [4;36;1mUser Columns (2.3ms)[0m   [0;1mSHOW FIELDS FROM `users`[0m
  [4;35;1mUser Load (1.7ms)[0m   [0mSELECT * FROM `users` WHERE (LOWER(`users`.username) = 'deepak.prasanna') LIMIT 1[0m
Redirected to http://localhost:3000/
Completed in 121ms (DB: 4) | 302 Found [http://localhost/user_sessions]
  [4;36;1mSQL (0.3ms)[0m   [0;1mSET SQL_AUTO_IS_NULL=0[0m


Processing HomeController#index (for 127.0.0.1 at 2009-05-15 13:36:34) [GET]
Rendering template within layouts/application
Rendering home/index
  [4;35;1mUser Columns (10.1ms)[0m   [0mSHOW FIELDS FROM `users`[0m
  [4;36;1mUser Load (0.4ms)[0m   [0;1mSELECT * FROM `users` WHERE (`users`.`id` = '1') LIMIT 1[0m
Completed in 109ms (View: 79, DB: 11) | 200 OK [http://localhost/]
  [4;35;1mSQL (0.3ms)[0m   [0mSET SQL_AUTO_IS_NULL=0[0m


Processing PostsController#index (for 127.0.0.1 at 2009-05-15 13:36:38) [GET]
  [4;36;1mPost Load (0.4ms)[0m   [0;1mSELECT * FROM `posts` [0m
Rendering template within layouts/application
Rendering posts/index
  [4;35;1mPost Columns (2.2ms)[0m   [0mSHOW FIELDS FROM `posts`[0m
  [4;36;1mUser Columns (2.3ms)[0m   [0;1mSHOW FIELDS FROM `users`[0m
  [4;35;1mUser Load (0.3ms)[0m   [0mSELECT * FROM `users` WHERE (`users`.`id` = '1') LIMIT 1[0m
Completed in 166ms (View: 136, DB: 6) | 200 OK [http://localhost/posts]
